[2018-04-28T18:03:31,368][ERROR][o.e.b.Bootstrap          ] Exception
java.lang.IllegalStateException: plugins directory [/Users/yucheng/Desktop/course/IR/final_project/disease_search_engine/elasticsearch-6.2-1.3/plugins] not found
	at org.elasticsearch.bootstrap.Spawner.spawnNativePluginControllers(Spawner.java:67) ~[elasticsearch-6.2.3.jar:6.2.3]
	at org.elasticsearch.bootstrap.Bootstrap.setup(Bootstrap.java:167) ~[elasticsearch-6.2.3.jar:6.2.3]
	at org.elasticsearch.bootstrap.Bootstrap.init(Bootstrap.java:323) [elasticsearch-6.2.3.jar:6.2.3]
	at org.elasticsearch.bootstrap.Elasticsearch.init(Elasticsearch.java:121) [elasticsearch-6.2.3.jar:6.2.3]
	at org.elasticsearch.bootstrap.Elasticsearch.execute(Elasticsearch.java:112) [elasticsearch-6.2.3.jar:6.2.3]
	at org.elasticsearch.cli.EnvironmentAwareCommand.execute(EnvironmentAwareCommand.java:86) [elasticsearch-6.2.3.jar:6.2.3]
	at org.elasticsearch.cli.Command.mainWithoutErrorHandling(Command.java:124) [elasticsearch-cli-6.2.3.jar:6.2.3]
	at org.elasticsearch.cli.Command.main(Command.java:90) [elasticsearch-cli-6.2.3.jar:6.2.3]
	at org.elasticsearch.bootstrap.Elasticsearch.main(Elasticsearch.java:92) [elasticsearch-6.2.3.jar:6.2.3]
	at org.elasticsearch.bootstrap.Elasticsearch.main(Elasticsearch.java:85) [elasticsearch-6.2.3.jar:6.2.3]
[2018-04-28T18:03:31,381][WARN ][o.e.b.ElasticsearchUncaughtExceptionHandler] [] uncaught exception in thread [main]
org.elasticsearch.bootstrap.StartupException: java.lang.IllegalStateException: plugins directory [/Users/yucheng/Desktop/course/IR/final_project/disease_search_engine/elasticsearch-6.2-1.3/plugins] not found
	at org.elasticsearch.bootstrap.Elasticsearch.init(Elasticsearch.java:125) ~[elasticsearch-6.2.3.jar:6.2.3]
	at org.elasticsearch.bootstrap.Elasticsearch.execute(Elasticsearch.java:112) ~[elasticsearch-6.2.3.jar:6.2.3]
	at org.elasticsearch.cli.EnvironmentAwareCommand.execute(EnvironmentAwareCommand.java:86) ~[elasticsearch-6.2.3.jar:6.2.3]
	at org.elasticsearch.cli.Command.mainWithoutErrorHandling(Command.java:124) ~[elasticsearch-cli-6.2.3.jar:6.2.3]
	at org.elasticsearch.cli.Command.main(Command.java:90) ~[elasticsearch-cli-6.2.3.jar:6.2.3]
	at org.elasticsearch.bootstrap.Elasticsearch.main(Elasticsearch.java:92) ~[elasticsearch-6.2.3.jar:6.2.3]
	at org.elasticsearch.bootstrap.Elasticsearch.main(Elasticsearch.java:85) ~[elasticsearch-6.2.3.jar:6.2.3]
Caused by: java.lang.IllegalStateException: plugins directory [/Users/yucheng/Desktop/course/IR/final_project/disease_search_engine/elasticsearch-6.2-1.3/plugins] not found
	at org.elasticsearch.bootstrap.Spawner.spawnNativePluginControllers(Spawner.java:67) ~[elasticsearch-6.2.3.jar:6.2.3]
	at org.elasticsearch.bootstrap.Bootstrap.setup(Bootstrap.java:167) ~[elasticsearch-6.2.3.jar:6.2.3]
	at org.elasticsearch.bootstrap.Bootstrap.init(Bootstrap.java:323) ~[elasticsearch-6.2.3.jar:6.2.3]
	at org.elasticsearch.bootstrap.Elasticsearch.init(Elasticsearch.java:121) ~[elasticsearch-6.2.3.jar:6.2.3]
	... 6 more
[2018-04-28T18:03:48,944][ERROR][o.e.b.Bootstrap          ] Exception
java.lang.IllegalStateException: plugins directory [/Users/yucheng/Desktop/course/IR/final_project/disease_search_engine/elasticsearch-6.2-1.3/plugins] not found
	at org.elasticsearch.bootstrap.Spawner.spawnNativePluginControllers(Spawner.java:67) ~[elasticsearch-6.2.3.jar:6.2.3]
	at org.elasticsearch.bootstrap.Bootstrap.setup(Bootstrap.java:167) ~[elasticsearch-6.2.3.jar:6.2.3]
	at org.elasticsearch.bootstrap.Bootstrap.init(Bootstrap.java:323) [elasticsearch-6.2.3.jar:6.2.3]
	at org.elasticsearch.bootstrap.Elasticsearch.init(Elasticsearch.java:121) [elasticsearch-6.2.3.jar:6.2.3]
	at org.elasticsearch.bootstrap.Elasticsearch.execute(Elasticsearch.java:112) [elasticsearch-6.2.3.jar:6.2.3]
	at org.elasticsearch.cli.EnvironmentAwareCommand.execute(EnvironmentAwareCommand.java:86) [elasticsearch-6.2.3.jar:6.2.3]
	at org.elasticsearch.cli.Command.mainWithoutErrorHandling(Command.java:124) [elasticsearch-cli-6.2.3.jar:6.2.3]
	at org.elasticsearch.cli.Command.main(Command.java:90) [elasticsearch-cli-6.2.3.jar:6.2.3]
	at org.elasticsearch.bootstrap.Elasticsearch.main(Elasticsearch.java:92) [elasticsearch-6.2.3.jar:6.2.3]
	at org.elasticsearch.bootstrap.Elasticsearch.main(Elasticsearch.java:85) [elasticsearch-6.2.3.jar:6.2.3]
[2018-04-28T18:03:48,950][WARN ][o.e.b.ElasticsearchUncaughtExceptionHandler] [] uncaught exception in thread [main]
org.elasticsearch.bootstrap.StartupException: java.lang.IllegalStateException: plugins directory [/Users/yucheng/Desktop/course/IR/final_project/disease_search_engine/elasticsearch-6.2-1.3/plugins] not found
	at org.elasticsearch.bootstrap.Elasticsearch.init(Elasticsearch.java:125) ~[elasticsearch-6.2.3.jar:6.2.3]
	at org.elasticsearch.bootstrap.Elasticsearch.execute(Elasticsearch.java:112) ~[elasticsearch-6.2.3.jar:6.2.3]
	at org.elasticsearch.cli.EnvironmentAwareCommand.execute(EnvironmentAwareCommand.java:86) ~[elasticsearch-6.2.3.jar:6.2.3]
	at org.elasticsearch.cli.Command.mainWithoutErrorHandling(Command.java:124) ~[elasticsearch-cli-6.2.3.jar:6.2.3]
	at org.elasticsearch.cli.Command.main(Command.java:90) ~[elasticsearch-cli-6.2.3.jar:6.2.3]
	at org.elasticsearch.bootstrap.Elasticsearch.main(Elasticsearch.java:92) ~[elasticsearch-6.2.3.jar:6.2.3]
	at org.elasticsearch.bootstrap.Elasticsearch.main(Elasticsearch.java:85) ~[elasticsearch-6.2.3.jar:6.2.3]
Caused by: java.lang.IllegalStateException: plugins directory [/Users/yucheng/Desktop/course/IR/final_project/disease_search_engine/elasticsearch-6.2-1.3/plugins] not found
	at org.elasticsearch.bootstrap.Spawner.spawnNativePluginControllers(Spawner.java:67) ~[elasticsearch-6.2.3.jar:6.2.3]
	at org.elasticsearch.bootstrap.Bootstrap.setup(Bootstrap.java:167) ~[elasticsearch-6.2.3.jar:6.2.3]
	at org.elasticsearch.bootstrap.Bootstrap.init(Bootstrap.java:323) ~[elasticsearch-6.2.3.jar:6.2.3]
	at org.elasticsearch.bootstrap.Elasticsearch.init(Elasticsearch.java:121) ~[elasticsearch-6.2.3.jar:6.2.3]
	... 6 more
[2018-04-28T18:04:04,000][ERROR][o.e.b.Bootstrap          ] Exception
java.lang.IllegalStateException: plugins directory [/Users/yucheng/Desktop/course/IR/final_project/disease_search_engine/elasticsearch-6.2-1.3/plugins] not found
	at org.elasticsearch.bootstrap.Spawner.spawnNativePluginControllers(Spawner.java:67) ~[elasticsearch-6.2.3.jar:6.2.3]
	at org.elasticsearch.bootstrap.Bootstrap.setup(Bootstrap.java:167) ~[elasticsearch-6.2.3.jar:6.2.3]
	at org.elasticsearch.bootstrap.Bootstrap.init(Bootstrap.java:323) [elasticsearch-6.2.3.jar:6.2.3]
	at org.elasticsearch.bootstrap.Elasticsearch.init(Elasticsearch.java:121) [elasticsearch-6.2.3.jar:6.2.3]
	at org.elasticsearch.bootstrap.Elasticsearch.execute(Elasticsearch.java:112) [elasticsearch-6.2.3.jar:6.2.3]
	at org.elasticsearch.cli.EnvironmentAwareCommand.execute(EnvironmentAwareCommand.java:86) [elasticsearch-6.2.3.jar:6.2.3]
	at org.elasticsearch.cli.Command.mainWithoutErrorHandling(Command.java:124) [elasticsearch-cli-6.2.3.jar:6.2.3]
	at org.elasticsearch.cli.Command.main(Command.java:90) [elasticsearch-cli-6.2.3.jar:6.2.3]
	at org.elasticsearch.bootstrap.Elasticsearch.main(Elasticsearch.java:92) [elasticsearch-6.2.3.jar:6.2.3]
	at org.elasticsearch.bootstrap.Elasticsearch.main(Elasticsearch.java:85) [elasticsearch-6.2.3.jar:6.2.3]
[2018-04-28T18:04:04,005][WARN ][o.e.b.ElasticsearchUncaughtExceptionHandler] [] uncaught exception in thread [main]
org.elasticsearch.bootstrap.StartupException: java.lang.IllegalStateException: plugins directory [/Users/yucheng/Desktop/course/IR/final_project/disease_search_engine/elasticsearch-6.2-1.3/plugins] not found
	at org.elasticsearch.bootstrap.Elasticsearch.init(Elasticsearch.java:125) ~[elasticsearch-6.2.3.jar:6.2.3]
	at org.elasticsearch.bootstrap.Elasticsearch.execute(Elasticsearch.java:112) ~[elasticsearch-6.2.3.jar:6.2.3]
	at org.elasticsearch.cli.EnvironmentAwareCommand.execute(EnvironmentAwareCommand.java:86) ~[elasticsearch-6.2.3.jar:6.2.3]
	at org.elasticsearch.cli.Command.mainWithoutErrorHandling(Command.java:124) ~[elasticsearch-cli-6.2.3.jar:6.2.3]
	at org.elasticsearch.cli.Command.main(Command.java:90) ~[elasticsearch-cli-6.2.3.jar:6.2.3]
	at org.elasticsearch.bootstrap.Elasticsearch.main(Elasticsearch.java:92) ~[elasticsearch-6.2.3.jar:6.2.3]
	at org.elasticsearch.bootstrap.Elasticsearch.main(Elasticsearch.java:85) ~[elasticsearch-6.2.3.jar:6.2.3]
Caused by: java.lang.IllegalStateException: plugins directory [/Users/yucheng/Desktop/course/IR/final_project/disease_search_engine/elasticsearch-6.2-1.3/plugins] not found
	at org.elasticsearch.bootstrap.Spawner.spawnNativePluginControllers(Spawner.java:67) ~[elasticsearch-6.2.3.jar:6.2.3]
	at org.elasticsearch.bootstrap.Bootstrap.setup(Bootstrap.java:167) ~[elasticsearch-6.2.3.jar:6.2.3]
	at org.elasticsearch.bootstrap.Bootstrap.init(Bootstrap.java:323) ~[elasticsearch-6.2.3.jar:6.2.3]
	at org.elasticsearch.bootstrap.Elasticsearch.init(Elasticsearch.java:121) ~[elasticsearch-6.2.3.jar:6.2.3]
	... 6 more
